
Nov 13, 2020 20:01:02.905 NEW SESSION
Nov 13, 2020 20:01:02.905 [18620:11288:1113/200102.902:ERROR:upgrade_util_win.cc(147)] Open Clients key failed: The system cannot find the file specified. (0x2)
Nov 13, 2020 20:11:02.511 [1113/201102.510:ERROR:directory_reader_win.cc(43)] FindFirstFile: The system cannot find the path specified. (0x3)
Nov 13, 2020 21:23:28.326 [18620:11680:1113/212328.324:ERROR:mcs_client.cc(755)] Received close command, resetting connection.
Nov 13, 2020 23:25:12.292 [18620:11680:1113/232512.290:ERROR:connection_factory_impl.cc(428)] Failed to connect to MCS endpoint with error -106
Nov 13, 2020 23:39:05.178 [18620:11680:1113/233905.178:ERROR:mcs_client.cc(755)] Received close command, resetting connection.

Nov 14, 2020 12:17:07.66 NEW SESSION
Nov 14, 2020 12:17:07.66 [21184:16016:1114/121707.063:ERROR:upgrade_util_win.cc(147)] Open Clients key failed: The system cannot find the file specified. (0x2)
Nov 14, 2020 12:27:06.500 [1114/122706.465:ERROR:directory_reader_win.cc(43)] FindFirstFile: The system cannot find the path specified. (0x3)
Nov 14, 2020 12:53:22.420 [21184:16016:1114/125322.419:ERROR:upgrade_util_win.cc(147)] Open Clients key failed: The system cannot find the file specified. (0x2)

Nov 22, 2020 11:58:17.29 NEW SESSION
Nov 22, 2020 11:58:17.29 [3520:3548:1122/115817.025:ERROR:upgrade_util_win.cc(147)] Open Clients key failed: The system cannot find the file specified. (0x2)
Nov 22, 2020 12:03:11.527 [3520:8968:1122/120311.527:ERROR:socket_stream.cc(219)] Closing stream with result -2
Nov 22, 2020 12:03:13.610 [3520:8968:1122/120313.610:ERROR:connection_factory_impl.cc(428)] Failed to connect to MCS endpoint with error -106
Nov 22, 2020 12:08:16.286 [1122/120816.286:ERROR:directory_reader_win.cc(43)] FindFirstFile: The system cannot find the path specified. (0x3)
Nov 22, 2020 13:40:53.602 [3520:8968:1122/134053.601:ERROR:connection_factory_impl.cc(428)] Failed to connect to MCS endpoint with error -106
Nov 22, 2020 13:41:18.634 [3520:8968:1122/134118.632:ERROR:connection_factory_impl.cc(428)] Failed to connect to MCS endpoint with error -106
Nov 22, 2020 13:42:01.701 [3520:8968:1122/134201.700:ERROR:connection_factory_impl.cc(428)] Failed to connect to MCS endpoint with error -106
Nov 22, 2020 13:43:32.269 [3520:8968:1122/134332.268:ERROR:connection_factory_impl.cc(428)] Failed to connect to MCS endpoint with error -106
Nov 22, 2020 13:43:55.972 [3520:8968:1122/134355.972:ERROR:socket_stream.cc(219)] Closing stream with result -2
Nov 22, 2020 13:43:58.361 [3520:8968:1122/134358.361:ERROR:connection_factory_impl.cc(428)] Failed to connect to MCS endpoint with error -106
Nov 22, 2020 13:46:05.282 [3520:8968:1122/134605.281:ERROR:connection_factory_impl.cc(428)] Failed to connect to MCS endpoint with error -105
Nov 22, 2020 13:52:02.769 [3520:8968:1122/135202.769:ERROR:connection_factory_impl.cc(428)] Failed to connect to MCS endpoint with error -105
Nov 22, 2020 13:53:54.778 [3520:8968:1122/135354.777:ERROR:connection_factory_impl.cc(428)] Failed to connect to MCS endpoint with error -105
Nov 22, 2020 14:00:30.776 [3520:8968:1122/140030.775:ERROR:connection_factory_impl.cc(428)] Failed to connect to MCS endpoint with error -105
Nov 22, 2020 14:01:21.761 [3520:8968:1122/140121.760:ERROR:connection_factory_impl.cc(428)] Failed to connect to MCS endpoint with error -118
Nov 22, 2020 14:01:53.744 [3520:8968:1122/140153.744:ERROR:connection_factory_impl.cc(428)] Failed to connect to MCS endpoint with error -118
Nov 22, 2020 14:02:43.295 [3520:8968:1122/140243.295:ERROR:connection_factory_impl.cc(428)] Failed to connect to MCS endpoint with error -105
Nov 22, 2020 14:02:56.308 [3520:8968:1122/140256.308:ERROR:connection_factory_impl.cc(428)] Failed to connect to MCS endpoint with error -105
Nov 22, 2020 14:03:05.864 [3520:8968:1122/140305.864:ERROR:connection_factory_impl.cc(428)] Failed to connect to MCS endpoint with error -105
Nov 22, 2020 14:06:04.299 [3520:8968:1122/140604.298:ERROR:connection_factory_impl.cc(428)] Failed to connect to MCS endpoint with error -106
Nov 22, 2020 14:06:32.329 [3520:8968:1122/140632.329:ERROR:connection_factory_impl.cc(428)] Failed to connect to MCS endpoint with error -118
Nov 22, 2020 14:07:09.819 [3520:8968:1122/140709.819:ERROR:connection_factory_impl.cc(428)] Failed to connect to MCS endpoint with error -118
Nov 22, 2020 14:08:11.871 [3520:8968:1122/140811.870:ERROR:connection_factory_impl.cc(428)] Failed to connect to MCS endpoint with error -118

Nov 25, 2020 22:02:55.977 NEW SESSION
Nov 25, 2020 22:02:55.978 [16276:2944:1125/220255.971:ERROR:upgrade_util_win.cc(147)] Open Clients key failed: The system cannot find the file specified. (0x2)
Nov 25, 2020 22:12:55.739 [1125/221255.739:ERROR:directory_reader_win.cc(43)] FindFirstFile: The system cannot find the path specified. (0x3)
Nov 25, 2020 22:18:48.133 [16276:2944:1125/221848.132:ERROR:upgrade_util_win.cc(147)] Open Clients key failed: The system cannot find the file specified. (0x2)

Nov 30, 2020 13:46:54.553 NEW SESSION
Nov 30, 2020 13:46:54.553 [17120:14092:1130/134654.551:ERROR:upgrade_util_win.cc(147)] Open Clients key failed: The system cannot find the file specified. (0x2)
Nov 30, 2020 13:47:07.644 [17120:8096:1130/134707.644:ERROR:connection_factory_impl.cc(428)] Failed to connect to MCS endpoint with error -106
Nov 30, 2020 13:47:36.482 [17120:8096:1130/134736.481:ERROR:connection_factory_impl.cc(428)] Failed to connect to MCS endpoint with error -106
Nov 30, 2020 13:48:05.276 [17120:8096:1130/134805.276:ERROR:connection_factory_impl.cc(428)] Failed to connect to MCS endpoint with error -105
Nov 30, 2020 13:48:23.35 [17120:8096:1130/134823.035:ERROR:connection_factory_impl.cc(428)] Failed to connect to MCS endpoint with error -103
Nov 30, 2020 13:48:25.105 [17120:8096:1130/134825.105:ERROR:connection_factory_impl.cc(428)] Failed to connect to MCS endpoint with error -106
Nov 30, 2020 13:48:35.308 [17120:8096:1130/134835.308:ERROR:connection_factory_impl.cc(428)] Failed to connect to MCS endpoint with error -105

Dec 08, 2020 21:15:08.460 NEW SESSION
Dec 08, 2020 21:15:08.461 [15636:10884:1208/211508.458:ERROR:upgrade_util_win.cc(147)] Open Clients key failed: The system cannot find the file specified. (0x2)
Dec 08, 2020 21:25:08.153 [1208/212508.153:ERROR:directory_reader_win.cc(43)] FindFirstFile: The system cannot find the path specified. (0x3)
Dec 08, 2020 22:24:49.624 [15636:10884:1208/222449.624:ERROR:upgrade_util_win.cc(147)] Open Clients key failed: The system cannot find the file specified. (0x2)

Dec 15, 2020 10:38:50.177 NEW SESSION
Dec 15, 2020 10:38:50.177 [13404:11172:1215/103850.174:ERROR:upgrade_util_win.cc(147)] Open Clients key failed: The system cannot find the file specified. (0x2)
Dec 15, 2020 10:38:58.344 [13404:14276:1215/103858.343:ERROR:connection_factory_impl.cc(428)] Failed to connect to MCS endpoint with error -106
Dec 15, 2020 10:39:27.550 [13404:14276:1215/103927.550:ERROR:connection_factory_impl.cc(428)] Failed to connect to MCS endpoint with error -106
Dec 15, 2020 18:31:41.393 [13404:14276:1215/183141.392:ERROR:connection_factory_impl.cc(428)] Failed to connect to MCS endpoint with error -106
Dec 15, 2020 18:32:04.684 [13404:14276:1215/183204.683:ERROR:socket_stream.cc(219)] Closing stream with result -2
Dec 15, 2020 18:32:07.75 [13404:14276:1215/183207.074:ERROR:connection_factory_impl.cc(428)] Failed to connect to MCS endpoint with error -106
Dec 15, 2020 18:39:54.143 [1215/183954.141:ERROR:directory_reader_win.cc(43)] FindFirstFile: The system cannot find the path specified. (0x3)
Dec 15, 2020 22:21:59.240 [13404:14276:1215/222159.239:ERROR:connection_factory_impl.cc(428)] Failed to connect to MCS endpoint with error -106
Dec 15, 2020 22:22:20.478 [13404:14276:1215/222220.477:ERROR:connection_factory_impl.cc(428)] Failed to connect to MCS endpoint with error -106
Dec 15, 2020 22:23:03.951 [13404:14276:1215/222303.951:ERROR:connection_factory_impl.cc(428)] Failed to connect to MCS endpoint with error -106
Dec 15, 2020 22:26:06.803 [13404:11172:1215/222606.803:ERROR:upgrade_util_win.cc(147)] Open Clients key failed: The system cannot find the file specified. (0x2)

Dec 16, 2020 22:36:03.127 NEW SESSION
Dec 16, 2020 22:36:03.127 [4228:15320:1216/223603.120:ERROR:upgrade_util_win.cc(147)] Open Clients key failed: The system cannot find the file specified. (0x2)
Dec 16, 2020 22:38:25.409 [4228:15320:1216/223825.408:ERROR:upgrade_util_win.cc(147)] Open Clients key failed: The system cannot find the file specified. (0x2)
Dec 16, 2020 22:38:44.76 [4988:13408:1216/223844.075:ERROR:upgrade_util_win.cc(147)] Open Clients key failed: The system cannot find the file specified. (0x2)
Dec 16, 2020 22:48:43.775 [1216/224843.774:ERROR:directory_reader_win.cc(43)] FindFirstFile: The system cannot find the path specified. (0x3)
Dec 16, 2020 23:52:03.333 [4988:13408:1216/235203.332:ERROR:upgrade_util_win.cc(147)] Open Clients key failed: The system cannot find the file specified. (0x2)
