
Nov 13, 2020 20:01:02.905 NEW SESSION
Nov 13, 2020 20:01:02.905 [18620:11288:1113/200102.902:ERROR:upgrade_util_win.cc(147)] Open Clients key failed: The system cannot find the file specified. (0x2)
Nov 13, 2020 20:11:02.511 [1113/201102.510:ERROR:directory_reader_win.cc(43)] FindFirstFile: The system cannot find the path specified. (0x3)
Nov 13, 2020 21:23:28.326 [18620:11680:1113/212328.324:ERROR:mcs_client.cc(755)] Received close command, resetting connection.
Nov 13, 2020 23:25:12.292 [18620:11680:1113/232512.290:ERROR:connection_factory_impl.cc(428)] Failed to connect to MCS endpoint with error -106
Nov 13, 2020 23:39:05.178 [18620:11680:1113/233905.178:ERROR:mcs_client.cc(755)] Received close command, resetting connection.

Nov 14, 2020 12:17:07.66 NEW SESSION
Nov 14, 2020 12:17:07.66 [21184:16016:1114/121707.063:ERROR:upgrade_util_win.cc(147)] Open Clients key failed: The system cannot find the file specified. (0x2)
Nov 14, 2020 12:27:06.500 [1114/122706.465:ERROR:directory_reader_win.cc(43)] FindFirstFile: The system cannot find the path specified. (0x3)
Nov 14, 2020 12:53:22.420 [21184:16016:1114/125322.419:ERROR:upgrade_util_win.cc(147)] Open Clients key failed: The system cannot find the file specified. (0x2)

Nov 22, 2020 11:58:17.29 NEW SESSION
Nov 22, 2020 11:58:17.29 [3520:3548:1122/115817.025:ERROR:upgrade_util_win.cc(147)] Open Clients key failed: The system cannot find the file specified. (0x2)
Nov 22, 2020 12:03:11.527 [3520:8968:1122/120311.527:ERROR:socket_stream.cc(219)] Closing stream with result -2
Nov 22, 2020 12:03:13.610 [3520:8968:1122/120313.610:ERROR:connection_factory_impl.cc(428)] Failed to connect to MCS endpoint with error -106
Nov 22, 2020 12:08:16.286 [1122/120816.286:ERROR:directory_reader_win.cc(43)] FindFirstFile: The system cannot find the path specified. (0x3)
Nov 22, 2020 13:40:53.602 [3520:8968:1122/134053.601:ERROR:connection_factory_impl.cc(428)] Failed to connect to MCS endpoint with error -106
Nov 22, 2020 13:41:18.634 [3520:8968:1122/134118.632:ERROR:connection_factory_impl.cc(428)] Failed to connect to MCS endpoint with error -106
Nov 22, 2020 13:42:01.701 [3520:8968:1122/134201.700:ERROR:connection_factory_impl.cc(428)] Failed to connect to MCS endpoint with error -106
Nov 22, 2020 13:43:32.269 [3520:8968:1122/134332.268:ERROR:connection_factory_impl.cc(428)] Failed to connect to MCS endpoint with error -106
Nov 22, 2020 13:43:55.972 [3520:8968:1122/134355.972:ERROR:socket_stream.cc(219)] Closing stream with result -2
Nov 22, 2020 13:43:58.361 [3520:8968:1122/134358.361:ERROR:connection_factory_impl.cc(428)] Failed to connect to MCS endpoint with error -106
Nov 22, 2020 13:46:05.282 [3520:8968:1122/134605.281:ERROR:connection_factory_impl.cc(428)] Failed to connect to MCS endpoint with error -105
Nov 22, 2020 13:52:02.769 [3520:8968:1122/135202.769:ERROR:connection_factory_impl.cc(428)] Failed to connect to MCS endpoint with error -105
Nov 22, 2020 13:53:54.778 [3520:8968:1122/135354.777:ERROR:connection_factory_impl.cc(428)] Failed to connect to MCS endpoint with error -105
Nov 22, 2020 14:00:30.776 [3520:8968:1122/140030.775:ERROR:connection_factory_impl.cc(428)] Failed to connect to MCS endpoint with error -105
Nov 22, 2020 14:01:21.761 [3520:8968:1122/140121.760:ERROR:connection_factory_impl.cc(428)] Failed to connect to MCS endpoint with error -118
Nov 22, 2020 14:01:53.744 [3520:8968:1122/140153.744:ERROR:connection_factory_impl.cc(428)] Failed to connect to MCS endpoint with error -118
Nov 22, 2020 14:02:43.295 [3520:8968:1122/140243.295:ERROR:connection_factory_impl.cc(428)] Failed to connect to MCS endpoint with error -105
Nov 22, 2020 14:02:56.308 [3520:8968:1122/140256.308:ERROR:connection_factory_impl.cc(428)] Failed to connect to MCS endpoint with error -105
Nov 22, 2020 14:03:05.864 [3520:8968:1122/140305.864:ERROR:connection_factory_impl.cc(428)] Failed to connect to MCS endpoint with error -105
Nov 22, 2020 14:06:04.299 [3520:8968:1122/140604.298:ERROR:connection_factory_impl.cc(428)] Failed to connect to MCS endpoint with error -106
Nov 22, 2020 14:06:32.329 [3520:8968:1122/140632.329:ERROR:connection_factory_impl.cc(428)] Failed to connect to MCS endpoint with error -118
Nov 22, 2020 14:07:09.819 [3520:8968:1122/140709.819:ERROR:connection_factory_impl.cc(428)] Failed to connect to MCS endpoint with error -118
Nov 22, 2020 14:08:11.871 [3520:8968:1122/140811.870:ERROR:connection_factory_impl.cc(428)] Failed to connect to MCS endpoint with error -118
